[    0.000000] Linux version 4.15.0-212-generic (buildd@lcy02-amd64-083) (gcc version 7.5.0 (Ubuntu 7.5.0-3ubuntu1~18.04)) #223-Ubuntu SMP Tue May 23 13:09:22 UTC 2023 (Ubuntu 4.15.0-212.223-generic 4.15.18)
[    0.000000] Command line: BOOT_IMAGE=/boot/vmlinuz-4.15.0-212-generic root=LABEL=cloudimg-rootfs ro console=tty1 console=ttyS0
[    0.000000] KERNEL supported cpus:
[    0.000000]   Intel GenuineIntel
[    0.000000]   AMD AuthenticAMD
[    0.000000]   Centaur CentaurHauls
[    0.000000] x86/fpu: Supporting XSAVE feature 0x001: 'x87 floating point registers'
[    0.000000] x86/fpu: Supporting XSAVE feature 0x002: 'SSE registers'
[    0.000000] x86/fpu: Supporting XSAVE feature 0x004: 'AVX registers'
[    0.000000] x86/fpu: xstate_offset[2]:  576, xstate_sizes[2]:  256
[    0.000000] x86/fpu: Enabled xstate features 0x7, context size is 832 bytes, using 'standard' format.
[    0.000000] e820: BIOS-provided physical RAM map:
[    0.000000] BIOS-e820: [mem 0x0000000000000000-0x000000000009fbff] usable
[    0.000000] BIOS-e820: [mem 0x000000000009fc00-0x000000000009ffff] reserved
[    0.000000] BIOS-e820: [mem 0x00000000000f0000-0x00000000000fffff] reserved
[    0.000000] BIOS-e820: [mem 0x0000000000100000-0x000000003ffeffff] usable
[    0.000000] BIOS-e820: [mem 0x000000003fff0000-0x000000003fffffff] ACPI data
[    0.000000] BIOS-e820: [mem 0x00000000fec00000-0x00000000fec00fff] reserved
[    0.000000] BIOS-e820: [mem 0x00000000fee00000-0x00000000fee00fff] reserved
[    0.000000] BIOS-e820: [mem 0x00000000fffc0000-0x00000000ffffffff] reserved
[    0.000000] NX (Execute Disable) protection: active
[    0.000000] SMBIOS 2.5 present.
[    0.000000] DMI: innotek GmbH VirtualBox/VirtualBox, BIOS VirtualBox 12/01/2006
[    0.000000] Hypervisor detected: KVM
[    0.000000] e820: last_pfn = 0x3fff0 max_arch_pfn = 0x400000000
[    0.000000] MTRR: Disabled
[    0.000000] x86/PAT: MTRRs disabled, skipping PAT initialization too.
[    0.000000] CPU MTRRs all blank - virtualized system.
[    0.000000] x86/PAT: Configuration [0-7]: WB  WT  UC- UC  WB  WT  UC- UC  
[    0.000000] found SMP MP-table at [mem 0x0009fff0-0x0009ffff]
[    0.000000] Scanning 1 areas for low memory corruption
[    0.000000] RAMDISK: [mem 0x359cb000-0x36cdcfff]
[    0.000000] ACPI: Early table checksum verification disabled
[    0.000000] ACPI: RSDP 0x00000000000E0000 000024 (v02 VBOX  )
[    0.000000] ACPI: XSDT 0x000000003FFF0030 00003C (v01 VBOX   VBOXXSDT 00000001 ASL  00000061)
[    0.000000] ACPI: FACP 0x000000003FFF00F0 0000F4 (v04 VBOX   VBOXFACP 00000001 ASL  00000061)
[    0.000000] ACPI: DSDT 0x000000003FFF0610 002353 (v02 VBOX   VBOXBIOS 00000002 INTL 20100528)
[    0.000000] ACPI: FACS 0x000000003FFF0200 000040
[    0.000000] ACPI: FACS 0x000000003FFF0200 000040
[    0.000000] ACPI: APIC 0x000000003FFF0240 00005C (v02 VBOX   VBOXAPIC 00000001 ASL  00000061)
[    0.000000] ACPI: SSDT 0x000000003FFF02A0 00036C (v01 VBOX   VBOXCPUT 00000002 INTL 20100528)
[    0.000000] ACPI: Reserving FACP table memory at [mem 0x3fff00f0-0x3fff01e3]
[    0.000000] ACPI: Reserving DSDT table memory at [mem 0x3fff0610-0x3fff2962]
[    0.000000] ACPI: Reserving FACS table memory at [mem 0x3fff0200-0x3fff023f]
[    0.000000] ACPI: Reserving FACS table memory at [mem 0x3fff0200-0x3fff023f]
[    0.000000] ACPI: Reserving APIC table memory at [mem 0x3fff0240-0x3fff029b]
[    0.000000] ACPI: Reserving SSDT table memory at [mem 0x3fff02a0-0x3fff060b]
[    0.000000] No NUMA configuration found
[    0.000000] Faking a node at [mem 0x0000000000000000-0x000000003ffeffff]
[    0.000000] NODE_DATA(0) allocated [mem 0x3ffc5000-0x3ffeffff]
[    0.000000] kvm-clock: cpu 0, msr 0:3ff44001, primary cpu clock
[    0.000000] kvm-clock: Using msrs 4b564d01 and 4b564d00
[    0.000000] kvm-clock: using sched offset of 3305773787 cycles
[    0.000000] clocksource: kvm-clock: mask: 0xffffffffffffffff max_cycles: 0x1cd42e4dffb, max_idle_ns: 881590591483 ns
[    0.000000] Zone ranges:
[    0.000000]   DMA      [mem 0x0000000000001000-0x0000000000ffffff]
[    0.000000]   DMA32    [mem 0x0000000001000000-0x000000003ffeffff]
[    0.000000]   Normal   empty
[    0.000000]   Device   empty
[    0.000000] Movable zone start for each node
[    0.000000] Early memory node ranges
[    0.000000]   node   0: [mem 0x0000000000001000-0x000000000009efff]
[    0.000000]   node   0: [mem 0x0000000000100000-0x000000003ffeffff]
[    0.000000] Reserved but unavailable: 104 pages
[    0.000000] Initmem setup node 0 [mem 0x0000000000001000-0x000000003ffeffff]
[    0.000000] ACPI: PM-Timer IO Port: 0x4008
[    0.000000] IOAPIC[0]: apic_id 2, version 32, address 0xfec00000, GSI 0-23
[    0.000000] ACPI: INT_SRC_OVR (bus 0 bus_irq 0 global_irq 2 dfl dfl)
[    0.000000] ACPI: INT_SRC_OVR (bus 0 bus_irq 9 global_irq 9 low level)
[    0.000000] Using ACPI (MADT) for SMP configuration information
[    0.000000] smpboot: Allowing 2 CPUs, 0 hotplug CPUs
[    0.000000] PM: Registered nosave memory: [mem 0x00000000-0x00000fff]
[    0.000000] PM: Registered nosave memory: [mem 0x0009f000-0x0009ffff]
[    0.000000] PM: Registered nosave memory: [mem 0x000a0000-0x000effff]
[    0.000000] PM: Registered nosave memory: [mem 0x000f0000-0x000fffff]
[    0.000000] e820: [mem 0x40000000-0xfebfffff] available for PCI devices
[    0.000000] Booting paravirtualized kernel on KVM
[    0.000000] clocksource: refined-jiffies: mask: 0xffffffff max_cycles: 0xffffffff, max_idle_ns: 7645519600211568 ns
[    0.000000] setup_percpu: NR_CPUS:8192 nr_cpumask_bits:2 nr_cpu_ids:2 nr_node_ids:1
[    0.000000] percpu: Embedded 50 pages/cpu s167936 r8192 d28672 u1048576
[    0.000000] PV qspinlock hash table entries: 256 (order: 0, 4096 bytes)
[    0.000000] Built 1 zonelists, mobility grouping on.  Total pages: 257913
[    0.000000] Policy zone: DMA32
[    0.000000] Kernel command line: BOOT_IMAGE=/boot/vmlinuz-4.15.0-212-generic root=LABEL=cloudimg-rootfs ro console=tty1 console=ttyS0
[    0.000000] Memory: 982644K/1048120K available (12300K kernel code, 2477K rwdata, 4324K rodata, 2480K init, 2720K bss, 65476K reserved, 0K cma-reserved)
[    0.000000] SLUB: HWalign=64, Order=0-3, MinObjects=0, CPUs=2, Nodes=1
[    0.000000] ftrace: allocating 39508 entries in 155 pages
[    0.004000] Hierarchical RCU implementation.
[    0.004000] 	RCU restricting CPUs from NR_CPUS=8192 to nr_cpu_ids=2.
[    0.004000] 	Tasks RCU enabled.
[    0.004000] RCU: Adjusting geometry for rcu_fanout_leaf=16, nr_cpu_ids=2
[    0.004000] NR_IRQS: 524544, nr_irqs: 440, preallocated irqs: 16
[    0.004000] random: crng init done
[    0.004000] Console: colour VGA+ 80x25
[    0.004000] console [tty1] enabled
[    0.004000] console [ttyS0] enabled
[    0.004000] ACPI: Core revision 20170831
[    0.004000] ACPI: 2 ACPI AML tables successfully acquired and loaded
[    0.004000] APIC: Switch to symmetric I/O mode setup
[    0.004000] x2apic enabled
[    0.004000] Switched APIC routing to physical x2apic.
[    0.004000] ..TIMER: vector=0x30 apic1=0 pin1=2 apic2=-1 pin2=-1
[    0.004000] tsc: Detected 3312.008 MHz processor
[    0.004000] Calibrating delay loop (skipped) preset value.. 6624.01 BogoMIPS (lpj=13248032)
[    0.004005] pid_max: default: 32768 minimum: 301
[    0.004595] Security Framework initialized
[    0.005098] Yama: becoming mindful.
[    0.005553] AppArmor: AppArmor initialized
[    0.008000] Dentry cache hash table entries: 131072 (order: 8, 1048576 bytes)
[    0.008867] Inode-cache hash table entries: 65536 (order: 7, 524288 bytes)
[    0.009690] Mount-cache hash table entries: 2048 (order: 2, 16384 bytes)
[    0.010467] Mountpoint-cache hash table entries: 2048 (order: 2, 16384 bytes)
[    0.012194] Last level iTLB entries: 4KB 64, 2MB 8, 4MB 8
[    0.012831] Last level dTLB entries: 4KB 64, 2MB 0, 4MB 0, 1GB 4
[    0.013604] Spectre V1 : Mitigation: usercopy/swapgs barriers and __user pointer sanitization
[    0.014609] Spectre V2 : Mitigation: Retpolines
[    0.015151] Spectre V2 : Spectre v2 / SpectreRSB mitigation: Filling RSB on context switch
[    0.016002] Spectre V2 : Spectre v2 / SpectreRSB : Filling RSB on VMEXIT
[    0.016799] RETBleed: WARNING: Spectre v2 mitigation leaves CPU vulnerable to RETBleed attacks, data leaks possible!
[    0.018023] RETBleed: Vulnerable
[    0.018440] Speculative Store Bypass: Vulnerable
[    0.019043] MMIO Stale Data: Vulnerable: Clear CPU buffers attempted, no microcode
[    0.020003] SRBDS: Unknown: Dependent on hypervisor status
[    0.020835] Freeing SMP alternatives memory: 36K
[    0.131123] smpboot: CPU0: Intel(R) Core(TM) i5-10600 CPU @ 3.30GHz (family: 0x6, model: 0xa5, stepping: 0x3)
[    0.132000] Performance Events: unsupported p6 CPU model 165 no PMU driver, software events only.
[    0.132000] Hierarchical SRCU implementation.
[    0.132000] NMI watchdog: Perf event create on CPU 0 failed with -2
[    0.132001] NMI watchdog: Perf NMI watchdog permanently disabled
[    0.132738] smp: Bringing up secondary CPUs ...
[    0.133343] x86: Booting SMP configuration:
[    0.133927] .... node  #0, CPUs:      #1
[    0.004000] kvm-clock: cpu 1, msr 0:3ff44041, secondary cpu clock
[    0.136016] smp: Brought up 1 node, 2 CPUs
[    0.136525] smpboot: Max logical packages: 1
[    0.137046] smpboot: Total of 2 processors activated (13248.03 BogoMIPS)
[    0.140006] devtmpfs: initialized
[    0.140482] x86/mm: Memory block size: 128MB
[    0.141097] evm: security.selinux
[    0.141520] evm: security.SMACK64
[    0.141947] evm: security.SMACK64EXEC
[    0.142488] evm: security.SMACK64TRANSMUTE
[    0.143041] evm: security.SMACK64MMAP
[    0.143622] evm: security.apparmor
[    0.144002] evm: security.ima
[    0.144383] evm: security.capability
[    0.144872] clocksource: jiffies: mask: 0xffffffff max_cycles: 0xffffffff, max_idle_ns: 7645041785100000 ns
[    0.145282] futex hash table entries: 512 (order: 3, 32768 bytes)
[    0.146038] pinctrl core: initialized pinctrl subsystem
[    0.148068] RTC time:  2:10:05, date: 06/19/23
[    0.148736] NET: Registered protocol family 16
[    0.149409] audit: initializing netlink subsys (disabled)
[    0.152006] audit: type=2000 audit(1687140610.284:1): state=initialized audit_enabled=0 res=1
[    0.153013] cpuidle: using governor ladder
[    0.153013] cpuidle: using governor menu
[    0.153096] ACPI: bus type PCI registered
[    0.153597] acpiphp: ACPI Hot Plug PCI Controller Driver version: 0.5
[    0.154422] PCI: Using configuration type 1 for base access
[    0.156665] HugeTLB registered 2.00 MiB page size, pre-allocated 0 pages
[    0.156830] ACPI: Added _OSI(Module Device)
[    0.156830] ACPI: Added _OSI(Processor Device)
[    0.157189] ACPI: Added _OSI(3.0 _SCP Extensions)
[    0.157754] ACPI: Added _OSI(Processor Aggregator Device)
[    0.160006] ACPI: Added _OSI(Linux-Dell-Video)
[    0.160563] ACPI: Added _OSI(Linux-Lenovo-NV-HDMI-Audio)
[    0.161190] ACPI: Added _OSI(Linux-HPI-Hybrid-Graphics)
[    0.162025] ACPI: Executed 1 blocks of module-level executable AML code
[    0.165583] ACPI: Interpreter enabled
[    0.166064] ACPI: (supports S0 S5)
[    0.166497] ACPI: Using IOAPIC for interrupt routing
[    0.167403] PCI: Using host bridge windows from ACPI; if necessary, use "pci=nocrs" and report a bug
[    0.168117] ACPI: Enabled 2 GPEs in block 00 to 07
[    0.173162] ACPI: PCI Root Bridge [PCI0] (domain 0000 [bus 00-ff])
[    0.173899] acpi PNP0A03:00: _OSC: OS supports [ASPM ClockPM Segments MSI]
[    0.175129] acpi PNP0A03:00: _OSC: not requesting OS control; OS requires [ExtendedConfig ASPM ClockPM MSI]
[    0.176009] acpi PNP0A03:00: fail to add MMCONFIG information, can't access extended PCI configuration space under this bridge.
[    0.177623] PCI host bridge to bus 0000:00
[    0.178125] pci_bus 0000:00: root bus resource [io  0x0000-0x0cf7 window]
[    0.180003] pci_bus 0000:00: root bus resource [io  0x0d00-0xffff window]
[    0.180807] pci_bus 0000:00: root bus resource [mem 0x000a0000-0x000bffff window]
[    0.181714] pci_bus 0000:00: root bus resource [mem 0x40000000-0xfdffffff window]
[    0.182637] pci_bus 0000:00: root bus resource [bus 00-ff]
[    0.185301] pci 0000:00:01.1: legacy IDE quirk: reg 0x10: [io  0x01f0-0x01f7]
[    0.186134] pci 0000:00:01.1: legacy IDE quirk: reg 0x14: [io  0x03f6]
[    0.186894] pci 0000:00:01.1: legacy IDE quirk: reg 0x18: [io  0x0170-0x0177]
[    0.187712] pci 0000:00:01.1: legacy IDE quirk: reg 0x1c: [io  0x0376]
[    0.197218] pci 0000:00:07.0: quirk: [io  0x4000-0x403f] claimed by PIIX4 ACPI
[    0.198119] pci 0000:00:07.0: quirk: [io  0x4100-0x410f] claimed by PIIX4 SMB
[    0.204809] ACPI: PCI Interrupt Link [LNKA] (IRQs 5 9 10 *11)
[    0.205729] ACPI: PCI Interrupt Link [LNKB] (IRQs 5 9 *10 11)
[    0.206520] ACPI: PCI Interrupt Link [LNKC] (IRQs 5 *9 10 11)
[    0.207279] ACPI: PCI Interrupt Link [LNKD] (IRQs 5 9 10 *11)
[    0.208244] SCSI subsystem initialized
[    0.208793] pci 0000:00:02.0: vgaarb: setting as boot VGA device
[    0.208864] pci 0000:00:02.0: vgaarb: VGA device added: decodes=io+mem,owns=io+mem,locks=none
[    0.210009] pci 0000:00:02.0: vgaarb: bridge control possible
[    0.210716] vgaarb: loaded
[    0.211090] ACPI: bus type USB registered
[    0.212025] usbcore: registered new interface driver usbfs
[    0.212682] usbcore: registered new interface driver hub
[    0.213412] usbcore: registered new device driver usb
[    0.214117] EDAC MC: Ver: 3.0.0
[    0.214117] PCI: Using ACPI for IRQ routing
[    0.214117] NetLabel: Initializing
[    0.216005] NetLabel:  domain hash size = 128
[    0.216544] NetLabel:  protocols = UNLABELED CIPSOv4 CALIPSO
[    0.217301] NetLabel:  unlabeled traffic allowed by default
[    0.217983] clocksource: Switched to clocksource kvm-clock
[    0.229136] VFS: Disk quotas dquot_6.6.0
[    0.229635] VFS: Dquot-cache hash table entries: 512 (order 0, 4096 bytes)
[    0.230520] AppArmor: AppArmor Filesystem Enabled
[    0.231104] pnp: PnP ACPI init
[    0.232242] pnp: PnP ACPI: found 3 devices
[    0.240693] clocksource: acpi_pm: mask: 0xffffff max_cycles: 0xffffff, max_idle_ns: 2085701024 ns
[    0.241881] NET: Registered protocol family 2
[    0.242448] IP idents hash table entries: 16384 (order: 5, 131072 bytes)
[    0.245368] TCP established hash table entries: 8192 (order: 4, 65536 bytes)
[    0.246211] TCP bind hash table entries: 8192 (order: 5, 131072 bytes)
[    0.246994] TCP: Hash tables configured (established 8192 bind 8192)
[    0.247763] UDP hash table entries: 512 (order: 2, 16384 bytes)
[    0.248605] UDP-Lite hash table entries: 512 (order: 2, 16384 bytes)
[    0.249363] NET: Registered protocol family 1
[    0.249918] pci 0000:00:00.0: Limiting direct PCI/PCI transfers
[    0.250679] pci 0000:00:01.0: Activating ISA DMA hang workarounds
[    0.251435] pci 0000:00:02.0: Video device with shadowed ROM at [mem 0x000c0000-0x000dffff]
[    0.252511] Unpacking initramfs...
[    0.505305] Freeing initrd memory: 19528K
[    0.505870] clocksource: tsc: mask: 0xffffffffffffffff max_cycles: 0x2fbd9c529d1, max_idle_ns: 440795364200 ns
[    0.507137] platform rtc_cmos: registered platform RTC device (no PNP device found)
[    0.508063] Scanning for low memory corruption every 60 seconds
[    0.509316] Initialise system trusted keyrings
[    0.509874] Key type blacklist registered
[    0.510441] workingset: timestamp_bits=36 max_order=18 bucket_order=0
[    0.511938] zbud: loaded
[    0.512666] squashfs: version 4.0 (2009/01/31) Phillip Lougher
[    0.513552] fuse init (API version 7.26)
[    0.515606] Key type asymmetric registered
[    0.516118] Asymmetric key parser 'x509' registered
[    0.516756] Block layer SCSI generic (bsg) driver version 0.4 loaded (major 246)
[    0.517691] io scheduler noop registered
[    0.518174] io scheduler deadline registered
[    0.518723] io scheduler cfq registered (default)
[    0.519483] ACPI: AC Adapter [AC] (on-line)
[    0.520046] input: Power Button as /devices/LNXSYSTM:00/LNXPWRBN:00/input/input0
[    0.521116] ACPI: Power Button [PWRF]
[    0.521632] input: Sleep Button as /devices/LNXSYSTM:00/LNXSLPBN:00/input/input1
[    0.522535] ACPI: Sleep Button [SLPF]
[    0.523300] Serial: 8250/16550 driver, 32 ports, IRQ sharing enabled
[    0.544571] 00:02: ttyS0 at I/O 0x3f8 (irq = 4, base_baud = 115200) is a 16550A
[    0.547277] Linux agpgart interface v0.103
[    0.550925] loop: module loaded
[    0.551801] scsi host0: ata_piix
[    0.552320] scsi host1: ata_piix
[    0.552751] ata1: PATA max UDMA/33 cmd 0x1f0 ctl 0x3f6 bmdma 0xd000 irq 14
[    0.553565] ata2: PATA max UDMA/33 cmd 0x170 ctl 0x376 bmdma 0xd008 irq 15
[    0.554434] tun: Universal TUN/TAP device driver, 1.6
[    0.555087] PPP generic driver version 2.4.2
[    0.555720] ehci_hcd: USB 2.0 'Enhanced' Host Controller (EHCI) Driver
[    0.556666] ehci-pci: EHCI PCI platform driver
[    0.557230] ehci-platform: EHCI generic platform driver
[    0.557863] ohci_hcd: USB 1.1 'Open' Host Controller (OHCI) Driver
[    0.558633] ohci-pci: OHCI PCI platform driver
[    0.559196] ohci-platform: OHCI generic platform driver
[    0.559826] uhci_hcd: USB Universal Host Controller Interface driver
[    0.560689] i8042: PNP: PS/2 Controller [PNP0303:PS2K,PNP0f03:PS2M] at 0x60,0x64 irq 1,12
[    0.562092] serio: i8042 KBD port at 0x60,0x64 irq 1
[    0.562707] serio: i8042 AUX port at 0x60,0x64 irq 12
[    0.563450] mousedev: PS/2 mouse device common for all mice
[    0.564565] input: AT Translated Set 2 keyboard as /devices/platform/i8042/serio0/input/input2
[    0.565852] rtc_cmos rtc_cmos: rtc core: registered rtc_cmos as rtc0
[    0.566634] rtc_cmos rtc_cmos: alarms up to one day, 114 bytes nvram
[    0.567426] i2c /dev entries driver
[    0.567911] device-mapper: uevent: version 1.0.3
[    0.568586] device-mapper: ioctl: 4.37.0-ioctl (2017-09-20) initialised: dm-devel@redhat.com
[    0.569621] ledtrig-cpu: registered to indicate activity on CPUs
[    0.570605] NET: Registered protocol family 10
[    0.573686] Segment Routing with IPv6
[    0.574164] NET: Registered protocol family 17
[    0.574753] Key type dns_resolver registered
[    0.575404] mce: Using 0 MCE banks
[    0.575858] RAS: Correctable Errors collector initialized.
[    0.576555] sched_clock: Marking stable (576527839, 0)->(689093972, -112566133)
[    0.577769] registered taskstats version 1
[    0.578277] Loading compiled-in X.509 certificates
[    0.580422] Loaded X.509 cert 'Build time autogenerated kernel key: b5b26778eaa3ab3a4a6cee031137706e947d12ad'
[    0.581958] Loaded X.509 cert 'Canonical Ltd. Live Patch Signing: 14df34d1a87cf37625abec039ef2bf521249b969'
[    0.583466] Loaded X.509 cert 'Canonical Ltd. Kernel Module Signing: 88f752e560a1e0737e31163a466ad7b70a850c19'
[    0.584655] blacklist: Loading compiled-in revocation X.509 certificates
[    0.585467] Loaded X.509 cert 'Canonical Ltd. Secure Boot Signing: 61482aa2830d0ab2ad5af10b7250da9033ddcef0'
[    0.586932] Loaded X.509 cert 'Canonical Ltd. Secure Boot Signing (2017): 242ade75ac4a15e50d50c84b0d45ff3eae707a03'
[    0.588156] Loaded X.509 cert 'Canonical Ltd. Secure Boot Signing (ESM 2018): 365188c1d374d6b07c3c8f240f8ef722433d6a8b'
[    0.589454] Loaded X.509 cert 'Canonical Ltd. Secure Boot Signing (2019): c0746fd6c5da3ae827864651ad66ae47fe24b3e8'
[    0.590676] Loaded X.509 cert 'Canonical Ltd. Secure Boot Signing (2021 v1): a8d54bbb3825cfb94fa13c9f8a594a195c107b8d'
[    0.591915] Loaded X.509 cert 'Canonical Ltd. Secure Boot Signing (2021 v2): 4cf046892d6fd3c9a5b03f98d845f90851dc6a8c'
[    0.593181] Loaded X.509 cert 'Canonical Ltd. Secure Boot Signing (2021 v3): 100437bb6de6e469b581e61cd66bce3ef4ed53af'
[    0.594440] Loaded X.509 cert 'Canonical Ltd. Secure Boot Signing (Ubuntu Core 2019): c1d57b8f6b743f23ee41f4f7ee292f06eecadfb9'
[    0.595770] zswap: loaded using pool lzo/zbud
[    0.598355] Key type big_key registered
[    0.598842] Key type trusted registered
[    0.600370] Key type encrypted registered
[    0.600938] AppArmor: AppArmor sha1 policy hashing enabled
[    0.601671] ima: No TPM chip found, activating TPM-bypass! (rc=-19)
[    0.602410] ima: Allocated hash algorithm: sha1
[    0.602976] evm: HMAC attrs: 0x1
[    0.603576]   Magic number: 11:253:157
[    0.604131] rtc_cmos rtc_cmos: setting system clock to 2023-06-19 02:10:06 UTC (1687140606)
[    0.605194] BIOS EDD facility v0.16 2004-Jun-25, 0 devices found
[    0.605911] EDD information not available.
[    0.736691] Freeing unused kernel image memory: 2480K
[    0.752798] Write protecting the kernel read-only data: 20480k
[    0.753994] Freeing unused kernel image memory: 2008K
[    0.754807] Freeing unused kernel image memory: 1820K
[    0.761326] x86/mm: Checked W+X mappings: passed, no W+X pages found.
Loading, please wait...
starting version 237
[    0.808739] e1000: Intel(R) PRO/1000 Network Driver - version 7.3.21-k8-NAPI
[    0.809814] e1000: Copyright (c) 1999-2006 Intel Corporation.
[    0.810916] Fusion MPT base driver 3.04.20
[    0.811435] Copyright (c) 1999-2008 LSI Corporation
[    0.817989] Fusion MPT SPI Host driver 3.04.20
[    0.819033] AVX2 version of gcm_enc/dec engaged.
[    0.819610] AES CTR mode by8 optimization enabled
[    1.021039] input: ImExPS/2 Generic Explorer Mouse as /devices/platform/i8042/serio1/input/input4
[    1.171045] e1000 0000:00:03.0 eth0: (PCI:33MHz:32-bit) 02:3b:7b:b7:3b:2d
[    1.171871] e1000 0000:00:03.0 eth0: Intel(R) PRO/1000 Network Connection
[    1.535316] e1000 0000:00:08.0 eth1: (PCI:33MHz:32-bit) 08:00:27:69:57:52
[    1.536345] e1000 0000:00:08.0 eth1: Intel(R) PRO/1000 Network Connection
[    1.537823] e1000 0000:00:08.0 enp0s8: renamed from eth1
[    1.538587] mptbase: ioc0: Initiating bringup
[    1.556384] e1000 0000:00:03.0 enp0s3: renamed from eth0
[    1.644879] ioc0: LSI53C1030 A0: Capabilities={Initiator}
[    1.884929] scsi host2: ioc0: LSI53C1030 A0, FwRev=00000000h, Ports=1, MaxQ=256, IRQ=20
[    2.054197] scsi 2:0:0:0: Direct-Access     VBOX     HARDDISK         1.0  PQ: 0 ANSI: 5
[    2.088873] scsi target2:0:0: Beginning Domain Validation
[    2.090394] scsi target2:0:0: Domain Validation skipping write tests
[    2.091154] scsi target2:0:0: Ending Domain Validation
[    2.091825] scsi target2:0:0: asynchronous
[    2.092724] scsi 2:0:1:0: Direct-Access     VBOX     HARDDISK         1.0  PQ: 0 ANSI: 5
[    2.124063] scsi target2:0:1: Beginning Domain Validation
[    2.125832] scsi target2:0:1: Domain Validation skipping write tests
[    2.126615] scsi target2:0:1: Ending Domain Validation
[    2.127350] scsi target2:0:1: asynchronous
[    2.130911] sd 2:0:0:0: Attached scsi generic sg0 type 0
[    2.130927] sd 2:0:0:0: [sda] 83886080 512-byte logical blocks: (42.9 GB/40.0 GiB)
[    2.132586] sd 2:0:0:0: [sda] Write Protect is off
[    2.133369] sd 2:0:1:0: Attached scsi generic sg1 type 0
[    2.133384] sd 2:0:0:0: [sda] Incomplete mode parameter data
[    2.134742] sd 2:0:0:0: [sda] Assuming drive cache: write through
[    2.134756] sd 2:0:1:0: [sdb] 20480 512-byte logical blocks: (10.5 MB/10.0 MiB)
[    2.136207]  sda: sda1
[    2.136796] sd 2:0:1:0: [sdb] Write Protect is off
[    2.137056] sd 2:0:0:0: [sda] Attached SCSI disk
[    2.138106] sd 2:0:1:0: [sdb] Incomplete mode parameter data
[    2.138777] sd 2:0:1:0: [sdb] Assuming drive cache: write through
[    2.162442] sd 2:0:1:0: [sdb] Attached SCSI disk
Begin: Loading essential drivers ... [    3.512053] raid6: sse2x1   gen() 15054 MB/s
[    3.560025] raid6: sse2x1   xor()  8857 MB/s
[    3.608043] raid6: sse2x2   gen() 17190 MB/s
[    3.656022] raid6: sse2x2   xor() 11890 MB/s
[    3.704041] raid6: sse2x4   gen() 19268 MB/s
[    3.752046] raid6: sse2x4   xor() 11441 MB/s
[    3.800046] raid6: avx2x1   gen() 30037 MB/s
[    3.848836] raid6: avx2x1   xor() 17006 MB/s
[    3.896049] raid6: avx2x2   gen() 34848 MB/s
[    3.944031] raid6: avx2x2   xor() 21021 MB/s
[    3.992055] raid6: avx2x4   gen() 37181 MB/s
[    4.040053] raid6: avx2x4   xor() 17716 MB/s
[    4.040716] raid6: using algorithm avx2x4 gen() 37181 MB/s
[    4.041704] raid6: .... xor() 17716 MB/s, rmw enabled
[    4.042321] raid6: using avx2x2 recovery algorithm
[    4.043648] xor: automatically using best checksumming function   avx       
[    4.045164] async_tx: api initialized (async)
done.
Begin: Running /scripts/init-premount ... done.
Begin: Mounting root file system ... Begin: Running /scripts/local-top ... done.
Begin: Running /scripts/local-premount ... [    4.076705] Btrfs loaded, crc32c=crc32c-intel
Scanning for Btrfs filesystems
done.
Warning: fsck not present, so skipping root file system
[    4.126241] EXT4-fs (sda1): mounted filesystem with ordered data mode. Opts: (null)
done.
Begin: Running /scripts/local-bottom ... done.
Begin: Running /scripts/init-bottom ... done.
[    4.667917] ip_tables: (C) 2000-2006 Netfilter Core Team
[    4.731688] systemd[1]: systemd 237 running in system mode. (+PAM +AUDIT +SELINUX +IMA +APPARMOR +SMACK +SYSVINIT +UTMP +LIBCRYPTSETUP +GCRYPT +GNUTLS +ACL +XZ +LZ4 +SECCOMP +BLKID +ELFUTILS +KMOD -IDN2 +IDN -PCRE2 default-hierarchy=hybrid)
[    4.734512] systemd[1]: Detected virtualization oracle.
[    4.735144] systemd[1]: Detected architecture x86-64.

Welcome to [1mUbuntu 18.04.6 LTS[0m!

[    4.762623] systemd[1]: Set hostname to <ubuntu>.
[    4.766596] systemd[1]: Initializing machine ID from random generator.
[    4.767404] systemd[1]: Installed transient /etc/machine-id file.
[    5.795609] systemd[1]: Reached target Mounting snaps.
[[0;32m  OK  [0m] Reached target Mounting snaps.
[    5.796994] systemd[1]: Reached target System Time Synchronized.
[[0;32m  OK  [0m] Reached target System Time Synchronized.
[    5.798227] systemd[1]: Reached target Mounted snaps.
[[0;32m  OK  [0m] Reached target Mounted snaps.
[    5.800286] systemd[1]: Created slice User and Session Slice.
[[0;32m  OK  [0m] Created slice User and Session Slice.
[[0;32m  OK  [0m] Created slice System Slice.
[[0;32m  OK  [0m] Listening on /dev/initctl Compatibility Named Pipe.
[[0;32m  OK  [0m] Listening on LVM2 poll daemon socket.
[[0;32m  OK  [0m] Listening on Journal Audit Socket.
[[0;32m  OK  [0m] Listening on LVM2 metadata daemon socket.
[[0;32m  OK  [0m] Reached target Slices.
[[0;32m  OK  [0m] Created slice system-serial\x2dgetty.slice.
[[0;32m  OK  [0m] Listening on Syslog Socket.
[[0;32m  OK  [0m] Listening on Network Service Netlink Socket.
[[0;32m  OK  [0m] Listening on udev Control Socket.
[[0;32m  OK  [0m] Listening on Journal Socket.
         Starting Create list of required st…ce nodes for the current kernel...
         Starting Load Kernel Modules...
         Starting Uncomplicated firewall...
         Mounting POSIX Message Queue File System...
[[0;32m  OK  [0m] Listening on Device-mapper event daemon FIFOs.
         Starting Monitoring of LVM2 mirrors…ng dmeventd or progress polling...
[[0;32m  OK  [0m] Set up automount Arbitrary Executab…rmats File System Automount Point.
[[0;32m  OK  [0m] Listening on Journal Socket (/dev/log).
         Starting Journal Service...
         Starting Set the console keyboard layout...
[[0;32m  OK  [0m] Listening on udev Kernel Socket.
         Mounting Kernel Debug File System...
[[0;32m  OK  [0m] Reached target Swap.
         Starting udev Coldplug all Devices...
[[0;32m  OK  [0m] Listening on fsck to fsckd communication Socket.
         Starting File System Check on Root Device...
[[0;32m  OK  [0m] Reached target User and Group Name Lookups.
[[0;32m  OK  [0m] Started Forward Password Requests to Wall Directory Watch.
         Mounting Huge Pages File System...
[[0;32m  OK  [0m] Started Create list of required sta…vice nodes for the current kernel.
         Starting Create Static Device Nodes in /dev...
[    5.900973] Loading iSCSI transport class v2.0-870.
[[0;32m  OK  [0m] Started Uncomplicated firewall.
[[0;32m  OK  [0m] Mounted Kernel Debug File System.
[[0;32m  OK  [0m] Mounted POSIX Message Queue File System.
[[0;32m  OK  [0m] Mounted Huge Pages File System.
[[0;32m  OK  [0m] Started Journal Service.
[[0;32m  OK  [0m] Started File System Check Daemon to report status.
[[0;32m  OK  [0m] Started File System Check on Root Device.
         Starting Remount Root and Kernel File Systems...
[    6.139284] iscsi: registered transport (tcp)
[    6.159850] iscsi: registered transport (iser)
[[0;32m  OK  [0m] Started Load Kernel Modules.
         Mounting Kernel Configuration File System...
         Starting Apply Kernel Variables...
         Mounting FUSE Control File System...
[[0;32m  OK  [0m] Mounted Kernel Configuration File System.
[[0;32m  OK  [0m] Mounted FUSE Control File System.
[[0;32m  OK  [0m] Started LVM2 metadata daemon.
[[0;32m  OK  [0m] Started Create Static Device Nodes in /dev.
[[0;32m  OK  [0m] Started udev Coldplug all Devices.
[[0;32m  OK  [0m] Started Remount Root and Kernel File Systems.
         Starting Flush Journal to Persistent Storage...
         Starting Load/Save Random Seed...
         Starting udev Kernel Device Manager...
[[0;32m  OK  [0m] Started Apply Kernel Variables.
[[0;32m  OK  [0m] Started Load/Save Random Seed.
[[0;32m  OK  [0m] Started Monitoring of LVM2 mirrors,…sing dmeventd or progress polling.
[[0;32m  OK  [0m] Started udev Kernel Device Manager.
[[0;32m  OK  [0m] Started Flush Journal to Persistent Storage.
[[0;32m  OK  [0m] Found device /dev/ttyS0.
[[0;32m  OK  [0m] Listening on Load/Save RF Kill Switch Status /dev/rfkill Watch.
         Mounting Arbitrary Executable File Formats File System...
[[0;32m  OK  [0m] Mounted Arbitrary Executable File Formats File System.
[[0;32m  OK  [0m] Started Set the console keyboard layout.
[[0;32m  OK  [0m] Started Dispatch Password Requests to Console Directory Watch.
[[0;32m  OK  [0m] Reached target Local Encrypted Volumes.
[[0;32m  OK  [0m] Reached target Local File Systems (Pre).
[[0;32m  OK  [0m] Reached target Local File Systems.
         Starting AppArmor initialization...
         Starting ebtables ruleset management...
         Starting Commit a transient machine-id on disk...
         Starting Create Volatile Files and Directories...
         Starting Tell Plymouth To Write Out Runtime Data...
         Starting Set console font and keymap...
[[0;32m  OK  [0m] Started Tell Plymouth To Write Out Runtime Data.
[[0;32m  OK  [0m] Started Create Volatile Files and Directories.
         Starting Update UTMP about System Boot/Shutdown...
[[0;32m  OK  [0m] Started Update UTMP about System Boot/Shutdown.
[[0;32m  OK  [0m] Started Commit a transient machine-id on disk.
[[0;32m  OK  [0m] Started ebtables ruleset management.
[[0;32m  OK  [0m] Started AppArmor initialization.
         Starting Load AppArmor profiles managed internally by snapd...
         Starting Initial cloud-init job (pre-networking)...
[[0;32m  OK  [0m] Started Set console font and keymap.
[[0;32m  OK  [0m] Started Load AppArmor profiles managed internally by snapd.
[   11.174012] cloud-init[910]: Cloud-init v. 23.1.2-0ubuntu0~18.04.1 running 'init-local' at Mon, 19 Jun 2023 02:10:16 +0000. Up 10.77 seconds.
[[0;32m  OK  [0m] Started Initial cloud-init job (pre-networking).
[[0;32m  OK  [0m] Reached target Network (Pre).
         Starting Network Service...
[[0;32m  OK  [0m] Started Network Service.
         Starting Network Name Resolution...
         Starting Wait for Network to be Configured...
[[0;32m  OK  [0m] Started Network Name Resolution.
[[0;32m  OK  [0m] Reached target Host and Network Name Lookups.
[[0;32m  OK  [0m] Reached target Network.
[[0;32m  OK  [0m] Started Wait for Network to be Configured.
         Starting Initial cloud-init job (metadata service crawler)...
[   13.252574] cloud-init[1059]: Cloud-init v. 23.1.2-0ubuntu0~18.04.1 running 'init' at Mon, 19 Jun 2023 02:10:19 +0000. Up 13.15 seconds.
[   13.253968] cloud-init[1059]: ci-info: ++++++++++++++++++++++++++++++++++++++Net device info+++++++++++++++++++++++++++++++++++++++
[   13.254599] cloud-init[1059]: ci-info: +--------+-------+----------------------------+---------------+--------+-------------------+
[   13.255638] cloud-init[1059]: ci-info: | Device |   Up  |          Address           |      Mask     | Scope  |     Hw-Address    |
[   13.256600] cloud-init[1059]: ci-info: +--------+-------+----------------------------+---------------+--------+-------------------+
[   13.257623] cloud-init[1059]: ci-info: | enp0s3 |  True |         10.0.2.15          | 255.255.255.0 | global | 02:3b:7b:b7:3b:2d |
[   13.258657] cloud-init[1059]: ci-info: | enp0s3 |  True | fe80::3b:7bff:feb7:3b2d/64 |       .       |  link  | 02:3b:7b:b7:3b:2d |
[   13.259693] cloud-init[1059]: ci-info: | enp0s8 | False |             .              |       .       |   .    | 08:00:27:69:57:52 |
[   13.260742] cloud-init[1059]: ci-info: |   lo   |  True |         127.0.0.1          |   255.0.0.0   |  host  |         .         |
[   13.261795] cloud-init[1059]: ci-info: |   lo   |  True |          ::1/128           |       .       |  host  |         .         |
[   13.262813] cloud-init[1059]: ci-info: +--------+-------+----------------------------+---------------+--------+-------------------+
[   13.263836] cloud-init[1059]: ci-info: ++++++++++++++++++++++++++++Route IPv4 info+++++++++++++++++++++++++++++
[   13.264786] cloud-init[1059]: ci-info: +-------+-------------+----------+-----------------+-----------+-------+
[   13.276941] cloud-init[1059]: ci-info: | Route | Destination | Gateway  |     Genmask     | Interface | Flags |
[   13.277892] cloud-init[1059]: ci-info: +-------+-------------+----------+-----------------+-----------+-------+
[   13.278830] cloud-init[1059]: ci-info: |   0   |   0.0.0.0   | 10.0.2.2 |     0.0.0.0     |   enp0s3  |   UG  |
[   13.279753] cloud-init[1059]: ci-info: |   1   |   10.0.2.0  | 0.0.0.0  |  255.255.255.0  |   enp0s3  |   U   |
[   13.280674] cloud-init[1059]: ci-info: |   2   |   10.0.2.2  | 0.0.0.0  | 255.255.255.255 |   enp0s3  |   UH  |
[   13.281680] cloud-init[1059]: ci-info: +-------+-------------+----------+-----------------+-----------+-------+
[   13.282605] cloud-init[1059]: ci-info: +++++++++++++++++++Route IPv6 info+++++++++++++++++++
[   13.283409] cloud-init[1059]: ci-info: +-------+-------------+---------+-----------+-------+
[   13.284259] cloud-init[1059]: ci-info: | Route | Destination | Gateway | Interface | Flags |
[   13.285057] cloud-init[1059]: ci-info: +-------+-------------+---------+-----------+-------+
[   13.285897] cloud-init[1059]: ci-info: |   1   |  fe80::/64  |    ::   |   enp0s3  |   U   |
[   13.286699] cloud-init[1059]: ci-info: |   3   |    local    |    ::   |   enp0s3  |   U   |
[   13.287484] cloud-init[1059]: ci-info: |   4   |   ff00::/8  |    ::   |   enp0s3  |   U   |
[   13.288312] cloud-init[1059]: ci-info: +-------+-------------+---------+-----------+-------+
[   15.073261] cloud-init[1059]: Generating public/private rsa key pair.
[   15.073978] cloud-init[1059]: Your identification has been saved in /etc/ssh/ssh_host_rsa_key.
[   15.074783] cloud-init[1059]: Your public key has been saved in /etc/ssh/ssh_host_rsa_key.pub.
[   15.075589] cloud-init[1059]: The key fingerprint is:
[   15.076153] cloud-init[1059]: SHA256:ybAGvz5wwbIV8Oz8CVKn7PGEFa2QXoDsxutP9B5PQQA root@ubuntu-bionic
[   15.076976] cloud-init[1059]: The key's randomart image is:
[   15.077572] cloud-init[1059]: +---[RSA 2048]----+
[   15.078099] cloud-init[1059]: |   ..oE+o.       |
[   15.078623] cloud-init[1059]: |    oo+ .o.      |
[   15.079162] cloud-init[1059]: |   o.o=+o..      |
[   15.079707] cloud-init[1059]: |    =B=O.o       |
[   15.080428] cloud-init[1059]: |   ..=&.S .      |
[   15.081142] cloud-init[1059]: |    +=.O . .     |
[   15.081848] cloud-init[1059]: |   . o+ * .      |
[   15.082570] cloud-init[1059]: |    .o.. +       |
[   15.083218] cloud-init[1059]: |     .o.. .      |
[   15.083884] cloud-init[1059]: +----[SHA256]-----+
[   15.084586] cloud-init[1059]: Generating public/private dsa key pair.
[   15.085432] cloud-init[1059]: Your identification has been saved in /etc/ssh/ssh_host_dsa_key.
[   15.086433] cloud-init[1059]: Your public key has been saved in /etc/ssh/ssh_host_dsa_key.pub.
[   15.087400] cloud-init[1059]: The key fingerprint is:
[   15.087977] cloud-init[1059]: SHA256:BrtK9G5yLkvNa7uxDQyGpt83HHgf9AtKgU233b9QTfU root@ubuntu-bionic
[   15.088924] cloud-init[1059]: The key's randomart image is:
[   15.095519] cloud-init[1059]: +---[DSA 1024]----+
[   15.096090] cloud-init[1059]: |                o|
[   15.102898] cloud-init[1059]: |      . .       o|
[   15.103438] cloud-init[1059]: |     +.. o .   oE|
[   15.103976] cloud-init[1059]: |   .. ooo . . . .|
[   15.104538] cloud-init[1059]: |  o +..oS.   o   |
[   15.105069] cloud-init[1059]: | o o.*+oo . . .  |
[   15.105598] cloud-init[1059]: |.   o+O+ o . . . |
[   15.106127] cloud-init[1059]: | . +ooO*. .   .  |
[   15.106717] cloud-init[1059]: |  . +XB+.        |
[   15.107271] cloud-init[1059]: +----[SHA256]-----+
[   15.107779] cloud-init[1059]: Generating public/private ecdsa key pair.
[   15.108488] cloud-init[1059]: Your identification has been saved in /etc/ssh/ssh_host_ecdsa_key.
[   15.109398] cloud-init[1059]: Your public key has been saved in /etc/ssh/ssh_host_ecdsa_key.pub.
[   15.110213] cloud-init[1059]: The key fingerprint is:
[   15.110746] cloud-init[1059]: SHA256:cB7YT8RwRv9/H5QO1H/wAY0aXlx4p1r9tK6wRZfctjg root@ubuntu-bionic
[   15.111591] cloud-init[1059]: The key's randomart image is:
[   15.112202] cloud-init[1059]: +---[ECDSA 256]---+
[   15.112741] cloud-init[1059]: |        .+= ..=. |
[   15.113283] cloud-init[1059]: |       o +.o =oo.|
[   15.113935] cloud-init[1059]: |      o + o =.o=.|[[0;32m  OK  [0m] Started Initial cloud-init job (metadata service crawler).
[[0;32m  OK  [0m] Reached target Network is Online.

[   15.115374] cloud-init[1059]: |       + + o..+oO|
         Starting Availability of block devices...
[   15.129526] [[0;32m  OK  [0m] Reached target Remote File Systems (Pre).
[[0;32m  OK  [0m] Reached target Remote File Systems.
[[0;32m  OK  [0m] Reached target System Initialization.
[[0;32m  OK  [0m] Listening on D-Bus System Message Bus Socket.
cloud-init[1059]: |        S .  =.BO|
[   15.131803] cloud-init[1059]: |            o *++|
[   15.132364] cloud-init[1059]: |           . E.+o|
         Starting LXD - unix socket.
[   15.144863] [[0;32m  OK  [0m] Listening on cloud-init hotplug hook socket.
[[0;32m  OK  [0m] Started Message of the Day.
[[0;32m  OK  [0m] Listening on Open-iSCSI iscsid Socket.
[[0;32m  OK  [0m] Started Daily apt download activities.
[[0;32m  OK  [0m] Started Daily apt upgrade and clean activities.
[[0;32m  OK  [0m] Started Daily Cleanup of Temporary Directories.
[[0;32m  OK  [0m] Listening on UUID daemon activation socket.
[[0;32m  OK  [0m] Started Discard unused blocks once a week.
[[0;32m  OK  [0m] Started Ubuntu Advantage Timer for running repeated jobs.
[[0;32m  OK  [0m] Listening on ACPID Listen Socket.
cloud-init[1059]: |            + ..+|
[   15.151856] cloud-init[1059]: |           . .. .|
[   15.152448] cloud-init[1059]: +----[SHA256]-----+
[   15.152972] cloud-init[1059]: Generating public/private ed25519 key pair.
[   15.153978] cloud-init[1059]: Your identification has been saved in /etc/ssh/ssh_host_ed25519_key.
[   15.154808] cloud-init[1059]: Your public key has been saved in /etc/ssh/ssh_host_ed25519_key.pub.
[   15.155627] cloud-init[1059]: The key fingerprint is:
[   15.156185] cloud-init[1059]: SHA256:W51UmhK7A6T/tNPPgXiG9l1vg8uEEB/MZOhPjm+8cdE root@ubuntu-bionic
[   15.157012] cloud-init[1059]: The key's randomart image is:
[   15.157634] cloud-init[1059]: +--[ED25519 256]--+
[   15.158165] cloud-init[1059]: |        . oo  .  |
[   15.158696] cloud-init[1059]: |       o .=o +   |
[   15.159232] cloud-init[1059]: |      . o.o++    |
[   15.159773] cloud-init[1059]: |       . oo*...  |
[   15.160394] cloud-init[1059]: |        S.X.o. E |
[[0;32m  OK  [0m] Started ACPI Events Check.
[   15.173052] cloud-init[1059]: |         *.O...  |         Starting Socket activation for snappy daemon.
[[0;32m  OK  [0m] Reached target Paths.
[[0;32m  OK  [0m] Reached target Timers.
[[0;32m  OK  [0m] Reached target Cloud-config availability.
[[0;32m  OK  [0m] Started Availability of block devices.
[[0;32m  OK  [0m] Listening on LXD - unix socket.

[   15.176236] cloud-init[1059]: |        . Xo=oo .|
[   15.176683] cloud-init[1059]: |         . O== +o|
[   15.177139] cloud-init[1059]: |          ..oo=.o|
[   15.177555] cloud-init[1059]: +----[SHA256]-----+
[[0;32m  OK  [0m] Listening on Socket activation for snappy daemon.
[[0;32m  OK  [0m] Reached target Sockets.
[[0;32m  OK  [0m] Reached target Basic System.
         Starting Accounts Service...
[[0;32m  OK  [0m] Started Regular background program processing daemon.
         Starting Login Service...
[[0;32m  OK  [0m] Started D-Bus System Message Bus.
[[0;32m  OK  [0m] Reached target Login Prompts (Pre).
         Starting LSB: automatic crash report generation...
         Starting Dispatcher daemon for systemd-networkd...
[[0;32m  OK  [0m] Started irqbalance daemon.
         Starting LXD - container startup/shutdown...
         Starting Pollinate to seed the pseudo random number generator...
         Starting LSB: Record successful boot for GRUB...
         Starting System Logging Service...
[[0;32m  OK  [0m] Started FUSE filesystem for LXC.
         Starting Permit User Sessions...
         Starting Virtualbox guest utils...
[[0;32m  OK  [0m] Started Deferred execution scheduler.
         Starting Snap Daemon...
[[0;32m  OK  [0m] Started Permit User Sessions.
[[0;32m  OK  [0m] Started Login Service.
         Starting Authorization Manager...
[[0;32m  OK  [0m] Started Unattended Upgrades Shutdown.
         Starting Terminate Plymouth Boot Screen...
         Starting Hold until boot process finishes up...
[[0;32m  OK  [0m] Started Hold until boot process finishes up.
         Starting Set console scheme...
[[0;32m  OK  [0m] Started Serial Getty on ttyS0.
[[0;32m  OK  [0m] Started Terminate Plymouth Boot Screen.
[[0;32m  OK  [0m] Started LSB: automatic crash report generation.
[[0;32m  OK  [0m] Started Set console scheme.
[[0;32m  OK  [0m] Created slice system-getty.slice.
[[0;32m  OK  [0m] Started Getty on tty1.
[[0;32m  OK  [0m] Reached target Login Prompts.
[[0;32m  OK  [0m] Started LSB: Record successful boot for GRUB.
[[0;32m  OK  [0m] Started System Logging Service.
[[0;32m  OK  [0m] Started Authorization Manager.
[[0;32m  OK  [0m] Started Accounts Service.
[[0;32m  OK  [0m] Started Virtualbox guest utils.
[[0;32m  OK  [0m] Started Dispatcher daemon for systemd-networkd.
[[0;32m  OK  [0m] Started LXD - container startup/shutdown.
[[0;32m  OK  [0m] Started Snap Daemon.
         Starting Wait until snapd is fully seeded...
         Starting Time & Date Service...
[[0;32m  OK  [0m] Started Time & Date Service.

Ubuntu 18.04.6 LTS ubuntu-bionic ttyS0

ubuntu-bionic login: [   24.472665] cloud-init[1725]: Cloud-init v. 23.1.2-0ubuntu0~18.04.1 running 'modules:config' at Mon, 19 Jun 2023 02:10:28 +0000. Up 23.01 seconds.
ci-info: no authorized SSH keys fingerprints found for user ubuntu.
<14>Jun 19 02:10:30 cloud-init: #############################################################
<14>Jun 19 02:10:30 cloud-init: -----BEGIN SSH HOST KEY FINGERPRINTS-----
<14>Jun 19 02:10:30 cloud-init: 1024 SHA256:BrtK9G5yLkvNa7uxDQyGpt83HHgf9AtKgU233b9QTfU root@ubuntu-bionic (DSA)
<14>Jun 19 02:10:30 cloud-init: 256 SHA256:cB7YT8RwRv9/H5QO1H/wAY0aXlx4p1r9tK6wRZfctjg root@ubuntu-bionic (ECDSA)
<14>Jun 19 02:10:31 cloud-init: 256 SHA256:W51UmhK7A6T/tNPPgXiG9l1vg8uEEB/MZOhPjm+8cdE root@ubuntu-bionic (ED25519)
<14>Jun 19 02:10:31 cloud-init: 2048 SHA256:ybAGvz5wwbIV8Oz8CVKn7PGEFa2QXoDsxutP9B5PQQA root@ubuntu-bionic (RSA)
<14>Jun 19 02:10:31 cloud-init: -----END SSH HOST KEY FINGERPRINTS-----
<14>Jun 19 02:10:31 cloud-init: #############################################################
-----BEGIN SSH HOST KEY KEYS-----
ecdsa-sha2-nistp256 AAAAE2VjZHNhLXNoYTItbmlzdHAyNTYAAAAIbmlzdHAyNTYAAABBBJJyVoctdFIFlGp5uH4dvJHfz3tc+UyuY94JGwmlodCRvSuAUrN1G481oPyDZtloCyPcM0QE4PIT5HPLt5cue7A= root@ubuntu-bionic
ssh-ed25519 AAAAC3NzaC1lZDI1NTE5AAAAIN90iLgpSb+wBcPy8ojXff6ti6io7Sc8VmwRkWrA40eR root@ubuntu-bionic
ssh-rsa AAAAB3NzaC1yc2EAAAADAQABAAABAQDC4MJUAApyZFzO0nWydMotPB/1vkM6bFCffKRA+AlgAr4/lSQ/eayjn+QwYujCCD54RuMUUb3+hUS8ieoEpztvUWf8T9BU0it9a4drV7jDy934vrku9Aw20uboxCJApQ0BOwD7ubp8e1mz9v5l+mWyT7I7pKNYtpdXOViu3QWMirdrrxHGTMYuHLPvmdpQZGylX8WxpTfcAgTKz3yQT9qeE3dhkcp5/f87cOpIaGW4L1mzj2wYTS+5cefowBinqn/JxQzspeIg/B4TdR3dBzX8kkbGQRDFyCNhrm46MVcVNjXeJor6txAm+DQcCNwZdtvCAeM4qrQ3xOLl5fGFUek5 root@ubuntu-bionic
-----END SSH HOST KEY KEYS-----
[   25.122631] cloud-init[1859]: Cloud-init v. 23.1.2-0ubuntu0~18.04.1 running 'modules:final' at Mon, 19 Jun 2023 02:10:30 +0000. Up 24.83 seconds.
[   25.124675] cloud-init[1859]: Cloud-init v. 23.1.2-0ubuntu0~18.04.1 finished at Mon, 19 Jun 2023 02:10:31 +0000. Datasource DataSourceNoCloud [seed=/dev/sdb][dsmode=net].  Up 25.11 seconds
